<?xml version="1.0" encoding="utf-8"?>
<test-run id="2" testcasecount="12" result="Passed" total="12" passed="12" failed="0" inconclusive="0" skipped="0" asserts="0" engine-version="3.5.0.0" clr-version="4.0.30319.42000" start-time="2026-04-19 15:16:05Z" end-time="2026-04-19 15:16:05Z" duration="0.0394478">
  <test-suite type="TestSuite" id="1000" name="extraction-weight-game" fullname="extraction-weight-game" runstate="Runnable" testcasecount="12" result="Passed" start-time="2026-04-19 15:16:05Z" end-time="2026-04-19 15:16:05Z" duration="0.039448" total="12" passed="12" failed="0" inconclusive="0" skipped="0" asserts="0">
    <properties>
      <property name="platform" value="EditMode" />
    </properties>
    <test-suite type="Assembly" id="1014" name="ExtractionWeight.Tests.EditMode.dll" fullname="C:/Users/jwmcg/OneDrive/Documents/AI Projects/Live Envirnments/extraction-weight-game/Library/ScriptAssemblies/ExtractionWeight.Tests.EditMode.dll" runstate="Runnable" testcasecount="11" result="Passed" start-time="2026-04-19 15:16:05Z" end-time="2026-04-19 15:16:05Z" duration="0.033486" total="11" passed="11" failed="0" inconclusive="0" skipped="0" asserts="0">
      <properties>
        <property name="_PID" value="29280" />
        <property name="_APPDOMAIN" value="Unity Child Domain" />
        <property name="platform" value="EditMode" />
        <property name="EditorOnly" value="True" />
      </properties>
      <test-suite type="TestSuite" id="1015" name="ExtractionWeight" fullname="ExtractionWeight" runstate="Runnable" testcasecount="11" result="Passed" start-time="2026-04-19 15:16:05Z" end-time="2026-04-19 15:16:05Z" duration="0.033263" total="11" passed="11" failed="0" inconclusive="0" skipped="0" asserts="0">
        <properties />
        <test-suite type="TestSuite" id="1016" name="Tests" fullname="ExtractionWeight.Tests" runstate="Runnable" testcasecount="11" result="Passed" start-time="2026-04-19 15:16:05Z" end-time="2026-04-19 15:16:05Z" duration="0.033191" total="11" passed="11" failed="0" inconclusive="0" skipped="0" asserts="0">
          <properties />
          <test-suite type="TestSuite" id="1017" name="EditMode" fullname="ExtractionWeight.Tests.EditMode" runstate="Runnable" testcasecount="11" result="Passed" start-time="2026-04-19 15:16:05Z" end-time="2026-04-19 15:16:05Z" duration="0.033100" total="11" passed="11" failed="0" inconclusive="0" skipped="0" asserts="0">
            <properties />
            <test-suite type="TestFixture" id="1001" name="ProjectStructureTests" fullname="ExtractionWeight.Tests.EditMode.ProjectStructureTests" classname="ExtractionWeight.Tests.EditMode.ProjectStructureTests" runstate="Runnable" testcasecount="1" result="Passed" start-time="2026-04-19 15:16:05Z" end-time="2026-04-19 15:16:05Z" duration="0.015967" total="1" passed="1" failed="0" inconclusive="0" skipped="0" asserts="0">
              <properties />
              <test-case id="1002" name="ExpectedFoldersAndAssembliesExist" fullname="ExtractionWeight.Tests.EditMode.ProjectStructureTests.ExpectedFoldersAndAssembliesExist" methodname="ExpectedFoldersAndAssembliesExist" classname="ExtractionWeight.Tests.EditMode.ProjectStructureTests" runstate="Runnable" seed="1284877015" result="Passed" start-time="2026-04-19 15:16:05Z" end-time="2026-04-19 15:16:05Z" duration="0.008962" asserts="0">
                <properties>
                  <property name="retryIteration" value="0" />
                  <property name="repeatIteration" value="0" />
                </properties>
              </test-case>
            </test-suite>
            <test-suite type="TestFixture" id="1003" name="WeightSystemTests" fullname="ExtractionWeight.Tests.EditMode.WeightSystemTests" classname="ExtractionWeight.Tests.EditMode.WeightSystemTests" runstate="Runnable" testcasecount="10" result="Passed" start-time="2026-04-19 15:16:05Z" end-time="2026-04-19 15:16:05Z" duration="0.016542" total="10" passed="10" failed="0" inconclusive="0" skipped="0" asserts="0">
              <properties />
              <test-case id="1005" name="AddingItems_AccumulatesTotalCost" fullname="ExtractionWeight.Tests.EditMode.WeightSystemTests.AddingItems_AccumulatesTotalCost" methodname="AddingItems_AccumulatesTotalCost" classname="ExtractionWeight.Tests.EditMode.WeightSystemTests" runstate="Runnable" seed="1960211609" result="Passed" start-time="2026-04-19 15:16:05Z" end-time="2026-04-19 15:16:05Z" duration="0.002823" asserts="0">
                <properties>
                  <property name="retryIteration" value="0" />
                  <property name="repeatIteration" value="0" />
                </properties>
              </test-case>
              <test-case id="1007" name="BreakpointTransitions_HappenAtExpectedThresholds" fullname="ExtractionWeight.Tests.EditMode.WeightSystemTests.BreakpointTransitions_HappenAtExpectedThresholds" methodname="BreakpointTransitions_HappenAtExpectedThresholds" classname="ExtractionWeight.Tests.EditMode.WeightSystemTests" runstate="Runnable" seed="328699317" result="Passed" start-time="2026-04-19 15:16:05Z" end-time="2026-04-19 15:16:05Z" duration="0.000835" asserts="0">
                <properties>
                  <property name="retryIteration" value="0" />
                  <property name="repeatIteration" value="0" />
                </properties>
              </test-case>
              <test-case id="1006" name="CapacityFraction_MatchesExpectedMagnitudeOverCapacity" fullname="ExtractionWeight.Tests.EditMode.WeightSystemTests.CapacityFraction_MatchesExpectedMagnitudeOverCapacity" methodname="CapacityFraction_MatchesExpectedMagnitudeOverCapacity" classname="ExtractionWeight.Tests.EditMode.WeightSystemTests" runstate="Runnable" seed="904868333" result="Passed" start-time="2026-04-19 15:16:05Z" end-time="2026-04-19 15:16:05Z" duration="0.000131" asserts="0">
                <properties>
                  <property name="retryIteration" value="0" />
                  <property name="repeatIteration" value="0" />
                </properties>
              </test-case>
              <test-case id="1004" name="EmptyCarryState_ReturnsBaselinePenalties" fullname="ExtractionWeight.Tests.EditMode.WeightSystemTests.EmptyCarryState_ReturnsBaselinePenalties" methodname="EmptyCarryState_ReturnsBaselinePenalties" classname="ExtractionWeight.Tests.EditMode.WeightSystemTests" runstate="Runnable" seed="1976108812" result="Passed" start-time="2026-04-19 15:16:05Z" end-time="2026-04-19 15:16:05Z" duration="0.000473" asserts="0">
                <properties>
                  <property name="retryIteration" value="0" />
                  <property name="repeatIteration" value="0" />
                </properties>
              </test-case>
              <test-case id="1013" name="OnCarryChanged_FiresExactlyOncePerAddRemove" fullname="ExtractionWeight.Tests.EditMode.WeightSystemTests.OnCarryChanged_FiresExactlyOncePerAddRemove" methodname="OnCarryChanged_FiresExactlyOncePerAddRemove" classname="ExtractionWeight.Tests.EditMode.WeightSystemTests" runstate="Runnable" seed="1497947248" result="Passed" start-time="2026-04-19 15:16:05Z" end-time="2026-04-19 15:16:05Z" duration="0.000470" asserts="0">
                <properties>
                  <property name="retryIteration" value="0" />
                  <property name="repeatIteration" value="0" />
                </properties>
              </test-case>
              <test-case id="1009" name="PenaltyCurve_IsContinuousAcrossBreakpoints" fullname="ExtractionWeight.Tests.EditMode.WeightSystemTests.PenaltyCurve_IsContinuousAcrossBreakpoints" methodname="PenaltyCurve_IsContinuousAcrossBreakpoints" classname="ExtractionWeight.Tests.EditMode.WeightSystemTests" runstate="Runnable" seed="563434221" result="Passed" start-time="2026-04-19 15:16:05Z" end-time="2026-04-19 15:16:05Z" duration="0.008338" asserts="0">
                <properties>
                  <property name="retryIteration" value="0" />
                  <property name="repeatIteration" value="0" />
                </properties>
              </test-case>
              <test-case id="1008" name="PenaltyCurve_IsMonotonicAsCapacityIncreases" fullname="ExtractionWeight.Tests.EditMode.WeightSystemTests.PenaltyCurve_IsMonotonicAsCapacityIncreases" methodname="PenaltyCurve_IsMonotonicAsCapacityIncreases" classname="ExtractionWeight.Tests.EditMode.WeightSystemTests" runstate="Runnable" seed="1629100183" result="Passed" start-time="2026-04-19 15:16:05Z" end-time="2026-04-19 15:16:05Z" duration="0.000813" asserts="0">
                <properties>
                  <property name="retryIteration" value="0" />
                  <property name="repeatIteration" value="0" />
                </properties>
              </test-case>
              <test-case id="1012" name="Remove_DecreasesTotalCost" fullname="ExtractionWeight.Tests.EditMode.WeightSystemTests.Remove_DecreasesTotalCost" methodname="Remove_DecreasesTotalCost" classname="ExtractionWeight.Tests.EditMode.WeightSystemTests" runstate="Runnable" seed="207945309" result="Passed" start-time="2026-04-19 15:16:05Z" end-time="2026-04-19 15:16:05Z" duration="0.000275" asserts="0">
                <properties>
                  <property name="retryIteration" value="0" />
                  <property name="repeatIteration" value="0" />
                </properties>
              </test-case>
              <test-case id="1011" name="TryAdd_FailsPastSoftCeiling" fullname="ExtractionWeight.Tests.EditMode.WeightSystemTests.TryAdd_FailsPastSoftCeiling" methodname="TryAdd_FailsPastSoftCeiling" classname="ExtractionWeight.Tests.EditMode.WeightSystemTests" runstate="Runnable" seed="2140177905" result="Passed" start-time="2026-04-19 15:16:05Z" end-time="2026-04-19 15:16:05Z" duration="0.000253" asserts="0">
                <properties>
                  <property name="retryIteration" value="0" />
                  <property name="repeatIteration" value="0" />
                </properties>
              </test-case>
              <test-case id="1010" name="ZoneAxisWeights_AmplifiesAsSpecified" fullname="ExtractionWeight.Tests.EditMode.WeightSystemTests.ZoneAxisWeights_AmplifiesAsSpecified" methodname="ZoneAxisWeights_AmplifiesAsSpecified" classname="ExtractionWeight.Tests.EditMode.WeightSystemTests" runstate="Runnable" seed="1827128136" result="Passed" start-time="2026-04-19 15:16:05Z" end-time="2026-04-19 15:16:05Z" duration="0.000149" asserts="0">
                <properties>
                  <property name="retryIteration" value="0" />
                  <property name="repeatIteration" value="0" />
                </properties>
              </test-case>
            </test-suite>
          </test-suite>
        </test-suite>
      </test-suite>
    </test-suite>
    <test-suite type="Assembly" id="1020" name="Unity.Addressables.DocExampleCode.Editor.Tests.dll" fullname="C:/Users/jwmcg/OneDrive/Documents/AI Projects/Live Envirnments/extraction-weight-game/Library/ScriptAssemblies/Unity.Addressables.DocExampleCode.Editor.Tests.dll" runstate="Runnable" testcasecount="1" result="Passed" start-time="2026-04-19 15:16:05Z" end-time="2026-04-19 15:16:05Z" duration="0.001078" total="1" passed="1" failed="0" inconclusive="0" skipped="0" asserts="0">
      <properties>
        <property name="_PID" value="29280" />
        <property name="_APPDOMAIN" value="Unity Child Domain" />
        <property name="platform" value="EditMode" />
        <property name="EditorOnly" value="True" />
      </properties>
      <test-suite type="TestSuite" id="1021" name="AddressableAssets" fullname="AddressableAssets" runstate="Runnable" testcasecount="1" result="Passed" start-time="2026-04-19 15:16:05Z" end-time="2026-04-19 15:16:05Z" duration="0.000896" total="1" passed="1" failed="0" inconclusive="0" skipped="0" asserts="0">
        <properties />
        <test-suite type="TestSuite" id="1022" name="DocExampleCode" fullname="AddressableAssets.DocExampleCode" runstate="Runnable" testcasecount="1" result="Passed" start-time="2026-04-19 15:16:05Z" end-time="2026-04-19 15:16:05Z" duration="0.000803" total="1" passed="1" failed="0" inconclusive="0" skipped="0" asserts="0">
          <properties />
          <test-suite type="TestFixture" id="1018" name="TestStub" fullname="AddressableAssets.DocExampleCode.TestStub" classname="AddressableAssets.DocExampleCode.TestStub" runstate="Runnable" testcasecount="1" result="Passed" start-time="2026-04-19 15:16:05Z" end-time="2026-04-19 15:16:05Z" duration="0.000717" total="1" passed="1" failed="0" inconclusive="0" skipped="0" asserts="0">
            <properties />
            <test-case id="1019" name="RequiredTest" fullname="AddressableAssets.DocExampleCode.TestStub.RequiredTest" methodname="RequiredTest" classname="AddressableAssets.DocExampleCode.TestStub" runstate="Runnable" seed="1597224889" result="Passed" start-time="2026-04-19 15:16:05Z" end-time="2026-04-19 15:16:05Z" duration="0.000193" asserts="0">
              <properties>
                <property name="retryIteration" value="0" />
                <property name="repeatIteration" value="0" />
              </properties>
              <output><![CDATA[Saving results to: C:\Users\jwmcg\OneDrive\Documents\AI Projects\Live Envirnments\extraction-weight-game\editmode-results.xml
]]></output>
            </test-case>
          </test-suite>
        </test-suite>
      </test-suite>
    </test-suite>
  </test-suite>
</test-run>