<?xml version="1.0" encoding="utf-8"?>
<test-run id="2" testcasecount="43" result="Passed" total="43" passed="43" failed="0" inconclusive="0" skipped="0" asserts="0" engine-version="3.5.0.0" clr-version="4.0.30319.42000" start-time="2026-04-19 16:28:45Z" end-time="2026-04-19 16:28:45Z" duration="0.1176987">
  <test-suite type="TestSuite" id="1000" name="extraction-weight-game" fullname="extraction-weight-game" runstate="Runnable" testcasecount="43" result="Passed" start-time="2026-04-19 16:28:45Z" end-time="2026-04-19 16:28:45Z" duration="0.117699" total="43" passed="43" failed="0" inconclusive="0" skipped="0" asserts="0">
    <properties>
      <property name="platform" value="EditMode" />
    </properties>
    <test-suite type="Assembly" id="1050" name="ExtractionWeight.Tests.EditMode.dll" fullname="C:/Users/jwmcg/OneDrive/Documents/AI Projects/Live Envirnments/extraction-weight-game/Library/ScriptAssemblies/ExtractionWeight.Tests.EditMode.dll" runstate="Runnable" testcasecount="42" result="Passed" start-time="2026-04-19 16:28:45Z" end-time="2026-04-19 16:28:45Z" duration="0.112060" total="42" passed="42" failed="0" inconclusive="0" skipped="0" asserts="0">
      <properties>
        <property name="_PID" value="19428" />
        <property name="_APPDOMAIN" value="Unity Child Domain" />
        <property name="platform" value="EditMode" />
        <property name="EditorOnly" value="True" />
      </properties>
      <test-suite type="TestSuite" id="1051" name="ExtractionWeight" fullname="ExtractionWeight" runstate="Runnable" testcasecount="42" result="Passed" start-time="2026-04-19 16:28:45Z" end-time="2026-04-19 16:28:45Z" duration="0.111875" total="42" passed="42" failed="0" inconclusive="0" skipped="0" asserts="0">
        <properties />
        <test-suite type="TestSuite" id="1052" name="Tests" fullname="ExtractionWeight.Tests" runstate="Runnable" testcasecount="42" result="Passed" start-time="2026-04-19 16:28:45Z" end-time="2026-04-19 16:28:45Z" duration="0.111808" total="42" passed="42" failed="0" inconclusive="0" skipped="0" asserts="0">
          <properties />
          <test-suite type="TestSuite" id="1053" name="EditMode" fullname="ExtractionWeight.Tests.EditMode" runstate="Runnable" testcasecount="42" result="Passed" start-time="2026-04-19 16:28:45Z" end-time="2026-04-19 16:28:45Z" duration="0.111718" total="42" passed="42" failed="0" inconclusive="0" skipped="0" asserts="0">
            <properties />
            <test-suite type="TestFixture" id="1001" name="DetectionSystemTests" fullname="ExtractionWeight.Tests.EditMode.DetectionSystemTests" classname="ExtractionWeight.Tests.EditMode.DetectionSystemTests" runstate="Runnable" testcasecount="6" result="Passed" start-time="2026-04-19 16:28:45Z" end-time="2026-04-19 16:28:45Z" duration="0.022899" total="6" passed="6" failed="0" inconclusive="0" skipped="0" asserts="0">
              <properties />
              <test-case id="1003" name="BeyondBaseRangeTimesOnePointFive_IsAlwaysUnaware" fullname="ExtractionWeight.Tests.EditMode.DetectionSystemTests.BeyondBaseRangeTimesOnePointFive_IsAlwaysUnaware" methodname="BeyondBaseRangeTimesOnePointFive_IsAlwaysUnaware" classname="ExtractionWeight.Tests.EditMode.DetectionSystemTests" runstate="Runnable" seed="278582217" result="Passed" start-time="2026-04-19 16:28:45Z" end-time="2026-04-19 16:28:45Z" duration="0.008465" asserts="0">
                <properties>
                  <property name="retryIteration" value="0" />
                  <property name="repeatIteration" value="0" />
                </properties>
              </test-case>
              <test-case id="1007" name="LineOfSightBlocking_PreventsWardenDetection" fullname="ExtractionWeight.Tests.EditMode.DetectionSystemTests.LineOfSightBlocking_PreventsWardenDetection" methodname="LineOfSightBlocking_PreventsWardenDetection" classname="ExtractionWeight.Tests.EditMode.DetectionSystemTests" runstate="Runnable" seed="1541933599" result="Passed" start-time="2026-04-19 16:28:45Z" end-time="2026-04-19 16:28:45Z" duration="0.004368" asserts="0">
                <properties>
                  <property name="retryIteration" value="0" />
                  <property name="repeatIteration" value="0" />
                </properties>
              </test-case>
              <test-case id="1006" name="NoiseHeavyLoot_DoesNotSignificantlyShiftWardenDetection" fullname="ExtractionWeight.Tests.EditMode.DetectionSystemTests.NoiseHeavyLoot_DoesNotSignificantlyShiftWardenDetection" methodname="NoiseHeavyLoot_DoesNotSignificantlyShiftWardenDetection" classname="ExtractionWeight.Tests.EditMode.DetectionSystemTests" runstate="Runnable" seed="462437026" result="Passed" start-time="2026-04-19 16:28:45Z" end-time="2026-04-19 16:28:45Z" duration="0.001897" asserts="0">
                <properties>
                  <property name="retryIteration" value="0" />
                  <property name="repeatIteration" value="0" />
                </properties>
              </test-case>
              <test-case id="1004" name="NoiseHeavyLoot_ShiftsListenerDetectionDistanceProportionally" fullname="ExtractionWeight.Tests.EditMode.DetectionSystemTests.NoiseHeavyLoot_ShiftsListenerDetectionDistanceProportionally" methodname="NoiseHeavyLoot_ShiftsListenerDetectionDistanceProportionally" classname="ExtractionWeight.Tests.EditMode.DetectionSystemTests" runstate="Runnable" seed="780188774" result="Passed" start-time="2026-04-19 16:28:45Z" end-time="2026-04-19 16:28:45Z" duration="0.000576" asserts="0">
                <properties>
                  <property name="retryIteration" value="0" />
                  <property name="repeatIteration" value="0" />
                </properties>
              </test-case>
              <test-case id="1002" name="Overlap_AlwaysDetected" fullname="ExtractionWeight.Tests.EditMode.DetectionSystemTests.Overlap_AlwaysDetected" methodname="Overlap_AlwaysDetected" classname="ExtractionWeight.Tests.EditMode.DetectionSystemTests" runstate="Runnable" seed="1994157600" result="Passed" start-time="2026-04-19 16:28:45Z" end-time="2026-04-19 16:28:45Z" duration="0.000137" asserts="0">
                <properties>
                  <property name="retryIteration" value="0" />
                  <property name="repeatIteration" value="0" />
                </properties>
              </test-case>
              <test-case id="1005" name="SilhouetteHeavyLoot_ShiftsWardenDetectionDistanceProportionally" fullname="ExtractionWeight.Tests.EditMode.DetectionSystemTests.SilhouetteHeavyLoot_ShiftsWardenDetectionDistanceProportionally" methodname="SilhouetteHeavyLoot_ShiftsWardenDetectionDistanceProportionally" classname="ExtractionWeight.Tests.EditMode.DetectionSystemTests" runstate="Runnable" seed="2145194801" result="Passed" start-time="2026-04-19 16:28:45Z" end-time="2026-04-19 16:28:45Z" duration="0.000190" asserts="0">
                <properties>
                  <property name="retryIteration" value="0" />
                  <property name="repeatIteration" value="0" />
                </properties>
              </test-case>
            </test-suite>
            <test-suite type="TestFixture" id="1008" name="LootDefinitionTests" fullname="ExtractionWeight.Tests.EditMode.LootDefinitionTests" classname="ExtractionWeight.Tests.EditMode.LootDefinitionTests" runstate="Runnable" testcasecount="17" result="Passed" start-time="2026-04-19 16:28:45Z" end-time="2026-04-19 16:28:45Z" duration="0.073419" total="17" passed="17" failed="0" inconclusive="0" skipped="0" asserts="0">
              <properties />
              <test-case id="1026" name="AddingFiveAuthoredLootItemsProducesExpectedCapacityFraction" fullname="ExtractionWeight.Tests.EditMode.LootDefinitionTests.AddingFiveAuthoredLootItemsProducesExpectedCapacityFraction" methodname="AddingFiveAuthoredLootItemsProducesExpectedCapacityFraction" classname="ExtractionWeight.Tests.EditMode.LootDefinitionTests" runstate="Runnable" seed="1418801519" result="Passed" start-time="2026-04-19 16:28:45Z" end-time="2026-04-19 16:28:45Z" duration="0.002823" asserts="0">
                <properties>
                  <property name="retryIteration" value="0" />
                  <property name="repeatIteration" value="0" />
                </properties>
              </test-case>
              <test-case id="1023" name="GetByCategoryFiltersCorrectly" fullname="ExtractionWeight.Tests.EditMode.LootDefinitionTests.GetByCategoryFiltersCorrectly" methodname="GetByCategoryFiltersCorrectly" classname="ExtractionWeight.Tests.EditMode.LootDefinitionTests" runstate="Runnable" seed="1148184564" result="Passed" start-time="2026-04-19 16:28:45Z" end-time="2026-04-19 16:28:45Z" duration="0.000711" asserts="0">
                <properties>
                  <property name="retryIteration" value="0" />
                  <property name="repeatIteration" value="0" />
                </properties>
              </test-case>
              <test-suite type="ParameterizedMethod" id="1022" name="GetByIdReturnsCorrectDefinitionForEachSeededItem" fullname="ExtractionWeight.Tests.EditMode.LootDefinitionTests.GetByIdReturnsCorrectDefinitionForEachSeededItem" classname="ExtractionWeight.Tests.EditMode.LootDefinitionTests" runstate="Runnable" testcasecount="12" result="Passed" start-time="2026-04-19 16:28:45Z" end-time="2026-04-19 16:28:45Z" duration="0.001932" total="12" passed="12" failed="0" inconclusive="0" skipped="0" asserts="0">
                <properties />
                <test-case id="1010" name="GetByIdReturnsCorrectDefinitionForEachSeededItem(&quot;currency-small-bag&quot;)" fullname="ExtractionWeight.Tests.EditMode.LootDefinitionTests.GetByIdReturnsCorrectDefinitionForEachSeededItem(&quot;currency-small-bag&quot;)" methodname="GetByIdReturnsCorrectDefinitionForEachSeededItem" classname="ExtractionWeight.Tests.EditMode.LootDefinitionTests" runstate="Runnable" seed="379547037" result="Passed" start-time="2026-04-19 16:28:45Z" end-time="2026-04-19 16:28:45Z" duration="0.000326" asserts="0">
                  <properties>
                    <property name="retryIteration" value="0" />
                    <property name="repeatIteration" value="0" />
                  </properties>
                </test-case>
                <test-case id="1011" name="GetByIdReturnsCorrectDefinitionForEachSeededItem(&quot;currency-cash-roll&quot;)" fullname="ExtractionWeight.Tests.EditMode.LootDefinitionTests.GetByIdReturnsCorrectDefinitionForEachSeededItem(&quot;currency-cash-roll&quot;)" methodname="GetByIdReturnsCorrectDefinitionForEachSeededItem" classname="ExtractionWeight.Tests.EditMode.LootDefinitionTests" runstate="Runnable" seed="1684595026" result="Passed" start-time="2026-04-19 16:28:45Z" end-time="2026-04-19 16:28:45Z" duration="0.000086" asserts="0">
                  <properties>
                    <property name="retryIteration" value="0" />
                    <property name="repeatIteration" value="0" />
                  </properties>
                </test-case>
                <test-case id="1012" name="GetByIdReturnsCorrectDefinitionForEachSeededItem(&quot;currency-data-chip&quot;)" fullname="ExtractionWeight.Tests.EditMode.LootDefinitionTests.GetByIdReturnsCorrectDefinitionForEachSeededItem(&quot;currency-data-chip&quot;)" methodname="GetByIdReturnsCorrectDefinitionForEachSeededItem" classname="ExtractionWeight.Tests.EditMode.LootDefinitionTests" runstate="Runnable" seed="756922382" result="Passed" start-time="2026-04-19 16:28:45Z" end-time="2026-04-19 16:28:45Z" duration="0.000056" asserts="0">
                  <properties>
                    <property name="retryIteration" value="0" />
                    <property name="repeatIteration" value="0" />
                  </properties>
                </test-case>
                <test-case id="1013" name="GetByIdReturnsCorrectDefinitionForEachSeededItem(&quot;currency-coin-stack&quot;)" fullname="ExtractionWeight.Tests.EditMode.LootDefinitionTests.GetByIdReturnsCorrectDefinitionForEachSeededItem(&quot;currency-coin-stack&quot;)" methodname="GetByIdReturnsCorrectDefinitionForEachSeededItem" classname="ExtractionWeight.Tests.EditMode.LootDefinitionTests" runstate="Runnable" seed="350503127" result="Passed" start-time="2026-04-19 16:28:45Z" end-time="2026-04-19 16:28:45Z" duration="0.000050" asserts="0">
                  <properties>
                    <property name="retryIteration" value="0" />
                    <property name="repeatIteration" value="0" />
                  </properties>
                </test-case>
                <test-case id="1014" name="GetByIdReturnsCorrectDefinitionForEachSeededItem(&quot;relic-small-sculpture&quot;)" fullname="ExtractionWeight.Tests.EditMode.LootDefinitionTests.GetByIdReturnsCorrectDefinitionForEachSeededItem(&quot;relic-small-sculpture&quot;)" methodname="GetByIdReturnsCorrectDefinitionForEachSeededItem" classname="ExtractionWeight.Tests.EditMode.LootDefinitionTests" runstate="Runnable" seed="2032122009" result="Passed" start-time="2026-04-19 16:28:45Z" end-time="2026-04-19 16:28:45Z" duration="0.000050" asserts="0">
                  <properties>
                    <property name="retryIteration" value="0" />
                    <property name="repeatIteration" value="0" />
                  </properties>
                </test-case>
                <test-case id="1015" name="GetByIdReturnsCorrectDefinitionForEachSeededItem(&quot;relic-medium-painting&quot;)" fullname="ExtractionWeight.Tests.EditMode.LootDefinitionTests.GetByIdReturnsCorrectDefinitionForEachSeededItem(&quot;relic-medium-painting&quot;)" methodname="GetByIdReturnsCorrectDefinitionForEachSeededItem" classname="ExtractionWeight.Tests.EditMode.LootDefinitionTests" runstate="Runnable" seed="930456485" result="Passed" start-time="2026-04-19 16:28:45Z" end-time="2026-04-19 16:28:45Z" duration="0.000057" asserts="0">
                  <properties>
                    <property name="retryIteration" value="0" />
                    <property name="repeatIteration" value="0" />
                  </properties>
                </test-case>
                <test-case id="1016" name="GetByIdReturnsCorrectDefinitionForEachSeededItem(&quot;relic-large-machine&quot;)" fullname="ExtractionWeight.Tests.EditMode.LootDefinitionTests.GetByIdReturnsCorrectDefinitionForEachSeededItem(&quot;relic-large-machine&quot;)" methodname="GetByIdReturnsCorrectDefinitionForEachSeededItem" classname="ExtractionWeight.Tests.EditMode.LootDefinitionTests" runstate="Runnable" seed="1386131633" result="Passed" start-time="2026-04-19 16:28:45Z" end-time="2026-04-19 16:28:45Z" duration="0.000054" asserts="0">
                  <properties>
                    <property name="retryIteration" value="0" />
                    <property name="repeatIteration" value="0" />
                  </properties>
                </test-case>
                <test-case id="1017" name="GetByIdReturnsCorrectDefinitionForEachSeededItem(&quot;relic-old-console&quot;)" fullname="ExtractionWeight.Tests.EditMode.LootDefinitionTests.GetByIdReturnsCorrectDefinitionForEachSeededItem(&quot;relic-old-console&quot;)" methodname="GetByIdReturnsCorrectDefinitionForEachSeededItem" classname="ExtractionWeight.Tests.EditMode.LootDefinitionTests" runstate="Runnable" seed="1591486946" result="Passed" start-time="2026-04-19 16:28:45Z" end-time="2026-04-19 16:28:45Z" duration="0.000049" asserts="0">
                  <properties>
                    <property name="retryIteration" value="0" />
                    <property name="repeatIteration" value="0" />
                  </properties>
                </test-case>
                <test-case id="1018" name="GetByIdReturnsCorrectDefinitionForEachSeededItem(&quot;relic-preserved-specimen&quot;)" fullname="ExtractionWeight.Tests.EditMode.LootDefinitionTests.GetByIdReturnsCorrectDefinitionForEachSeededItem(&quot;relic-preserved-specimen&quot;)" methodname="GetByIdReturnsCorrectDefinitionForEachSeededItem" classname="ExtractionWeight.Tests.EditMode.LootDefinitionTests" runstate="Runnable" seed="1288329445" result="Passed" start-time="2026-04-19 16:28:45Z" end-time="2026-04-19 16:28:45Z" duration="0.000048" asserts="0">
                  <properties>
                    <property name="retryIteration" value="0" />
                    <property name="repeatIteration" value="0" />
                  </properties>
                </test-case>
                <test-case id="1019" name="GetByIdReturnsCorrectDefinitionForEachSeededItem(&quot;volatile-leaking-battery&quot;)" fullname="ExtractionWeight.Tests.EditMode.LootDefinitionTests.GetByIdReturnsCorrectDefinitionForEachSeededItem(&quot;volatile-leaking-battery&quot;)" methodname="GetByIdReturnsCorrectDefinitionForEachSeededItem" classname="ExtractionWeight.Tests.EditMode.LootDefinitionTests" runstate="Runnable" seed="2112745406" result="Passed" start-time="2026-04-19 16:28:45Z" end-time="2026-04-19 16:28:45Z" duration="0.000048" asserts="0">
                  <properties>
                    <property name="retryIteration" value="0" />
                    <property name="repeatIteration" value="0" />
                  </properties>
                </test-case>
                <test-case id="1020" name="GetByIdReturnsCorrectDefinitionForEachSeededItem(&quot;volatile-caged-bird&quot;)" fullname="ExtractionWeight.Tests.EditMode.LootDefinitionTests.GetByIdReturnsCorrectDefinitionForEachSeededItem(&quot;volatile-caged-bird&quot;)" methodname="GetByIdReturnsCorrectDefinitionForEachSeededItem" classname="ExtractionWeight.Tests.EditMode.LootDefinitionTests" runstate="Runnable" seed="1389420218" result="Passed" start-time="2026-04-19 16:28:45Z" end-time="2026-04-19 16:28:45Z" duration="0.000048" asserts="0">
                  <properties>
                    <property name="retryIteration" value="0" />
                    <property name="repeatIteration" value="0" />
                  </properties>
                </test-case>
                <test-case id="1021" name="GetByIdReturnsCorrectDefinitionForEachSeededItem(&quot;volatile-cracked-vial&quot;)" fullname="ExtractionWeight.Tests.EditMode.LootDefinitionTests.GetByIdReturnsCorrectDefinitionForEachSeededItem(&quot;volatile-cracked-vial&quot;)" methodname="GetByIdReturnsCorrectDefinitionForEachSeededItem" classname="ExtractionWeight.Tests.EditMode.LootDefinitionTests" runstate="Runnable" seed="358855214" result="Passed" start-time="2026-04-19 16:28:45Z" end-time="2026-04-19 16:28:45Z" duration="0.000046" asserts="0">
                  <properties>
                    <property name="retryIteration" value="0" />
                    <property name="repeatIteration" value="0" />
                  </properties>
                </test-case>
              </test-suite>
              <test-case id="1009" name="LootDatabaseDetectsDuplicateIds" fullname="ExtractionWeight.Tests.EditMode.LootDefinitionTests.LootDatabaseDetectsDuplicateIds" methodname="LootDatabaseDetectsDuplicateIds" classname="ExtractionWeight.Tests.EditMode.LootDefinitionTests" runstate="Runnable" seed="255699687" result="Passed" start-time="2026-04-19 16:28:45Z" end-time="2026-04-19 16:28:45Z" duration="0.001805" asserts="0">
                <properties>
                  <property name="retryIteration" value="0" />
                  <property name="repeatIteration" value="0" />
                </properties>
              </test-case>
              <test-case id="1024" name="LootItemCorrectlyExposesILoadoutItemInterface" fullname="ExtractionWeight.Tests.EditMode.LootDefinitionTests.LootItemCorrectlyExposesILoadoutItemInterface" methodname="LootItemCorrectlyExposesILoadoutItemInterface" classname="ExtractionWeight.Tests.EditMode.LootDefinitionTests" runstate="Runnable" seed="911818417" result="Passed" start-time="2026-04-19 16:28:45Z" end-time="2026-04-19 16:28:45Z" duration="0.000830" asserts="0">
                <properties>
                  <property name="retryIteration" value="0" />
                  <property name="repeatIteration" value="0" />
                </properties>
              </test-case>
              <test-case id="1025" name="SeededLootDatabaseValidationPasses" fullname="ExtractionWeight.Tests.EditMode.LootDefinitionTests.SeededLootDatabaseValidationPasses" methodname="SeededLootDatabaseValidationPasses" classname="ExtractionWeight.Tests.EditMode.LootDefinitionTests" runstate="Runnable" seed="727941634" result="Passed" start-time="2026-04-19 16:28:45Z" end-time="2026-04-19 16:28:45Z" duration="0.000487" asserts="0">
                <properties>
                  <property name="retryIteration" value="0" />
                  <property name="repeatIteration" value="0" />
                </properties>
              </test-case>
            </test-suite>
            <test-suite type="TestFixture" id="1027" name="PlayerControllerTests" fullname="ExtractionWeight.Tests.EditMode.PlayerControllerTests" classname="ExtractionWeight.Tests.EditMode.PlayerControllerTests" runstate="Runnable" testcasecount="8" result="Passed" start-time="2026-04-19 16:28:45Z" end-time="2026-04-19 16:28:45Z" duration="0.001862" total="8" passed="8" failed="0" inconclusive="0" skipped="0" asserts="0">
              <properties />
              <test-case id="1028" name="CalculateSpeed_UsesExpectedMobilityMultiplier" fullname="ExtractionWeight.Tests.EditMode.PlayerControllerTests.CalculateSpeed_UsesExpectedMobilityMultiplier" methodname="CalculateSpeed_UsesExpectedMobilityMultiplier" classname="ExtractionWeight.Tests.EditMode.PlayerControllerTests" runstate="Runnable" seed="1527658237" result="Passed" start-time="2026-04-19 16:28:45Z" end-time="2026-04-19 16:28:45Z" duration="0.000303" asserts="0">
                <properties>
                  <property name="retryIteration" value="0" />
                  <property name="repeatIteration" value="0" />
                </properties>
              </test-case>
              <test-suite type="ParameterizedMethod" id="1036" name="CanSprint_RespectsBreakpointAndState" fullname="ExtractionWeight.Tests.EditMode.PlayerControllerTests.CanSprint_RespectsBreakpointAndState" classname="ExtractionWeight.Tests.EditMode.PlayerControllerTests" runstate="Runnable" testcasecount="6" result="Passed" start-time="2026-04-19 16:28:45Z" end-time="2026-04-19 16:28:45Z" duration="0.000828" total="6" passed="6" failed="0" inconclusive="0" skipped="0" asserts="0">
                <properties />
                <test-case id="1030" name="CanSprint_RespectsBreakpointAndState(Light,False,10.0f,True)" fullname="ExtractionWeight.Tests.EditMode.PlayerControllerTests.CanSprint_RespectsBreakpointAndState(Light,False,10.0f,True)" methodname="CanSprint_RespectsBreakpointAndState" classname="ExtractionWeight.Tests.EditMode.PlayerControllerTests" runstate="Runnable" seed="1691293571" result="Passed" start-time="2026-04-19 16:28:45Z" end-time="2026-04-19 16:28:45Z" duration="0.000193" asserts="0">
                  <properties>
                    <property name="retryIteration" value="0" />
                    <property name="repeatIteration" value="0" />
                  </properties>
                </test-case>
                <test-case id="1031" name="CanSprint_RespectsBreakpointAndState(Loaded,False,10.0f,True)" fullname="ExtractionWeight.Tests.EditMode.PlayerControllerTests.CanSprint_RespectsBreakpointAndState(Loaded,False,10.0f,True)" methodname="CanSprint_RespectsBreakpointAndState" classname="ExtractionWeight.Tests.EditMode.PlayerControllerTests" runstate="Runnable" seed="857655486" result="Passed" start-time="2026-04-19 16:28:45Z" end-time="2026-04-19 16:28:45Z" duration="0.000059" asserts="0">
                  <properties>
                    <property name="retryIteration" value="0" />
                    <property name="repeatIteration" value="0" />
                  </properties>
                </test-case>
                <test-case id="1032" name="CanSprint_RespectsBreakpointAndState(Overburdened,False,10.0f,False)" fullname="ExtractionWeight.Tests.EditMode.PlayerControllerTests.CanSprint_RespectsBreakpointAndState(Overburdened,False,10.0f,False)" methodname="CanSprint_RespectsBreakpointAndState" classname="ExtractionWeight.Tests.EditMode.PlayerControllerTests" runstate="Runnable" seed="626850215" result="Passed" start-time="2026-04-19 16:28:45Z" end-time="2026-04-19 16:28:45Z" duration="0.000042" asserts="0">
                  <properties>
                    <property name="retryIteration" value="0" />
                    <property name="repeatIteration" value="0" />
                  </properties>
                </test-case>
                <test-case id="1033" name="CanSprint_RespectsBreakpointAndState(SoftCeiling,False,10.0f,False)" fullname="ExtractionWeight.Tests.EditMode.PlayerControllerTests.CanSprint_RespectsBreakpointAndState(SoftCeiling,False,10.0f,False)" methodname="CanSprint_RespectsBreakpointAndState" classname="ExtractionWeight.Tests.EditMode.PlayerControllerTests" runstate="Runnable" seed="1548242730" result="Passed" start-time="2026-04-19 16:28:45Z" end-time="2026-04-19 16:28:45Z" duration="0.000037" asserts="0">
                  <properties>
                    <property name="retryIteration" value="0" />
                    <property name="repeatIteration" value="0" />
                  </properties>
                </test-case>
                <test-case id="1034" name="CanSprint_RespectsBreakpointAndState(Light,True,10.0f,False)" fullname="ExtractionWeight.Tests.EditMode.PlayerControllerTests.CanSprint_RespectsBreakpointAndState(Light,True,10.0f,False)" methodname="CanSprint_RespectsBreakpointAndState" classname="ExtractionWeight.Tests.EditMode.PlayerControllerTests" runstate="Runnable" seed="1087440377" result="Passed" start-time="2026-04-19 16:28:45Z" end-time="2026-04-19 16:28:45Z" duration="0.000037" asserts="0">
                  <properties>
                    <property name="retryIteration" value="0" />
                    <property name="repeatIteration" value="0" />
                  </properties>
                </test-case>
                <test-case id="1035" name="CanSprint_RespectsBreakpointAndState(Light,False,0.0f,False)" fullname="ExtractionWeight.Tests.EditMode.PlayerControllerTests.CanSprint_RespectsBreakpointAndState(Light,False,0.0f,False)" methodname="CanSprint_RespectsBreakpointAndState" classname="ExtractionWeight.Tests.EditMode.PlayerControllerTests" runstate="Runnable" seed="1437703481" result="Passed" start-time="2026-04-19 16:28:45Z" end-time="2026-04-19 16:28:45Z" duration="0.000036" asserts="0">
                  <properties>
                    <property name="retryIteration" value="0" />
                    <property name="repeatIteration" value="0" />
                  </properties>
                </test-case>
              </test-suite>
              <test-case id="1029" name="StaminaDrainAndRegen_FollowsConfiguredRates" fullname="ExtractionWeight.Tests.EditMode.PlayerControllerTests.StaminaDrainAndRegen_FollowsConfiguredRates" methodname="StaminaDrainAndRegen_FollowsConfiguredRates" classname="ExtractionWeight.Tests.EditMode.PlayerControllerTests" runstate="Runnable" seed="1922799370" result="Passed" start-time="2026-04-19 16:28:45Z" end-time="2026-04-19 16:28:45Z" duration="0.000163" asserts="0">
                <properties>
                  <property name="retryIteration" value="0" />
                  <property name="repeatIteration" value="0" />
                </properties>
              </test-case>
            </test-suite>
            <test-suite type="TestFixture" id="1037" name="ProjectStructureTests" fullname="ExtractionWeight.Tests.EditMode.ProjectStructureTests" classname="ExtractionWeight.Tests.EditMode.ProjectStructureTests" runstate="Runnable" testcasecount="1" result="Passed" start-time="2026-04-19 16:28:45Z" end-time="2026-04-19 16:28:45Z" duration="0.001758" total="1" passed="1" failed="0" inconclusive="0" skipped="0" asserts="0">
              <properties />
              <test-case id="1038" name="ExpectedFoldersAndAssembliesExist" fullname="ExtractionWeight.Tests.EditMode.ProjectStructureTests.ExpectedFoldersAndAssembliesExist" methodname="ExpectedFoldersAndAssembliesExist" classname="ExtractionWeight.Tests.EditMode.ProjectStructureTests" runstate="Runnable" seed="1639014136" result="Passed" start-time="2026-04-19 16:28:45Z" end-time="2026-04-19 16:28:45Z" duration="0.001455" asserts="0">
                <properties>
                  <property name="retryIteration" value="0" />
                  <property name="repeatIteration" value="0" />
                </properties>
              </test-case>
            </test-suite>
            <test-suite type="TestFixture" id="1039" name="WeightSystemTests" fullname="ExtractionWeight.Tests.EditMode.WeightSystemTests" classname="ExtractionWeight.Tests.EditMode.WeightSystemTests" runstate="Runnable" testcasecount="10" result="Passed" start-time="2026-04-19 16:28:45Z" end-time="2026-04-19 16:28:45Z" duration="0.011011" total="10" passed="10" failed="0" inconclusive="0" skipped="0" asserts="0">
              <properties />
              <test-case id="1041" name="AddingItems_AccumulatesTotalCost" fullname="ExtractionWeight.Tests.EditMode.WeightSystemTests.AddingItems_AccumulatesTotalCost" methodname="AddingItems_AccumulatesTotalCost" classname="ExtractionWeight.Tests.EditMode.WeightSystemTests" runstate="Runnable" seed="1014413967" result="Passed" start-time="2026-04-19 16:28:45Z" end-time="2026-04-19 16:28:45Z" duration="0.000297" asserts="0">
                <properties>
                  <property name="retryIteration" value="0" />
                  <property name="repeatIteration" value="0" />
                </properties>
              </test-case>
              <test-case id="1043" name="BreakpointTransitions_HappenAtExpectedThresholds" fullname="ExtractionWeight.Tests.EditMode.WeightSystemTests.BreakpointTransitions_HappenAtExpectedThresholds" methodname="BreakpointTransitions_HappenAtExpectedThresholds" classname="ExtractionWeight.Tests.EditMode.WeightSystemTests" runstate="Runnable" seed="907796586" result="Passed" start-time="2026-04-19 16:28:45Z" end-time="2026-04-19 16:28:45Z" duration="0.000321" asserts="0">
                <properties>
                  <property name="retryIteration" value="0" />
                  <property name="repeatIteration" value="0" />
                </properties>
              </test-case>
              <test-case id="1042" name="CapacityFraction_MatchesExpectedMagnitudeOverCapacity" fullname="ExtractionWeight.Tests.EditMode.WeightSystemTests.CapacityFraction_MatchesExpectedMagnitudeOverCapacity" methodname="CapacityFraction_MatchesExpectedMagnitudeOverCapacity" classname="ExtractionWeight.Tests.EditMode.WeightSystemTests" runstate="Runnable" seed="144306234" result="Passed" start-time="2026-04-19 16:28:45Z" end-time="2026-04-19 16:28:45Z" duration="0.000112" asserts="0">
                <properties>
                  <property name="retryIteration" value="0" />
                  <property name="repeatIteration" value="0" />
                </properties>
              </test-case>
              <test-case id="1040" name="EmptyCarryState_ReturnsBaselinePenalties" fullname="ExtractionWeight.Tests.EditMode.WeightSystemTests.EmptyCarryState_ReturnsBaselinePenalties" methodname="EmptyCarryState_ReturnsBaselinePenalties" classname="ExtractionWeight.Tests.EditMode.WeightSystemTests" runstate="Runnable" seed="1571655250" result="Passed" start-time="2026-04-19 16:28:45Z" end-time="2026-04-19 16:28:45Z" duration="0.000138" asserts="0">
                <properties>
                  <property name="retryIteration" value="0" />
                  <property name="repeatIteration" value="0" />
                </properties>
              </test-case>
              <test-case id="1049" name="OnCarryChanged_FiresExactlyOncePerAddRemove" fullname="ExtractionWeight.Tests.EditMode.WeightSystemTests.OnCarryChanged_FiresExactlyOncePerAddRemove" methodname="OnCarryChanged_FiresExactlyOncePerAddRemove" classname="ExtractionWeight.Tests.EditMode.WeightSystemTests" runstate="Runnable" seed="1122128966" result="Passed" start-time="2026-04-19 16:28:45Z" end-time="2026-04-19 16:28:45Z" duration="0.000311" asserts="0">
                <properties>
                  <property name="retryIteration" value="0" />
                  <property name="repeatIteration" value="0" />
                </properties>
              </test-case>
              <test-case id="1045" name="PenaltyCurve_IsContinuousAcrossBreakpoints" fullname="ExtractionWeight.Tests.EditMode.WeightSystemTests.PenaltyCurve_IsContinuousAcrossBreakpoints" methodname="PenaltyCurve_IsContinuousAcrossBreakpoints" classname="ExtractionWeight.Tests.EditMode.WeightSystemTests" runstate="Runnable" seed="1841773156" result="Passed" start-time="2026-04-19 16:28:45Z" end-time="2026-04-19 16:28:45Z" duration="0.006993" asserts="0">
                <properties>
                  <property name="retryIteration" value="0" />
                  <property name="repeatIteration" value="0" />
                </properties>
              </test-case>
              <test-case id="1044" name="PenaltyCurve_IsMonotonicAsCapacityIncreases" fullname="ExtractionWeight.Tests.EditMode.WeightSystemTests.PenaltyCurve_IsMonotonicAsCapacityIncreases" methodname="PenaltyCurve_IsMonotonicAsCapacityIncreases" classname="ExtractionWeight.Tests.EditMode.WeightSystemTests" runstate="Runnable" seed="1181484943" result="Passed" start-time="2026-04-19 16:28:45Z" end-time="2026-04-19 16:28:45Z" duration="0.000792" asserts="0">
                <properties>
                  <property name="retryIteration" value="0" />
                  <property name="repeatIteration" value="0" />
                </properties>
              </test-case>
              <test-case id="1048" name="Remove_DecreasesTotalCost" fullname="ExtractionWeight.Tests.EditMode.WeightSystemTests.Remove_DecreasesTotalCost" methodname="Remove_DecreasesTotalCost" classname="ExtractionWeight.Tests.EditMode.WeightSystemTests" runstate="Runnable" seed="1342195338" result="Passed" start-time="2026-04-19 16:28:45Z" end-time="2026-04-19 16:28:45Z" duration="0.000180" asserts="0">
                <properties>
                  <property name="retryIteration" value="0" />
                  <property name="repeatIteration" value="0" />
                </properties>
              </test-case>
              <test-case id="1047" name="TryAdd_FailsPastSoftCeiling" fullname="ExtractionWeight.Tests.EditMode.WeightSystemTests.TryAdd_FailsPastSoftCeiling" methodname="TryAdd_FailsPastSoftCeiling" classname="ExtractionWeight.Tests.EditMode.WeightSystemTests" runstate="Runnable" seed="849833699" result="Passed" start-time="2026-04-19 16:28:45Z" end-time="2026-04-19 16:28:45Z" duration="0.000250" asserts="0">
                <properties>
                  <property name="retryIteration" value="0" />
                  <property name="repeatIteration" value="0" />
                </properties>
              </test-case>
              <test-case id="1046" name="ZoneAxisWeights_AmplifiesAsSpecified" fullname="ExtractionWeight.Tests.EditMode.WeightSystemTests.ZoneAxisWeights_AmplifiesAsSpecified" methodname="ZoneAxisWeights_AmplifiesAsSpecified" classname="ExtractionWeight.Tests.EditMode.WeightSystemTests" runstate="Runnable" seed="1613758477" result="Passed" start-time="2026-04-19 16:28:45Z" end-time="2026-04-19 16:28:45Z" duration="0.000141" asserts="0">
                <properties>
                  <property name="retryIteration" value="0" />
                  <property name="repeatIteration" value="0" />
                </properties>
              </test-case>
            </test-suite>
          </test-suite>
        </test-suite>
      </test-suite>
    </test-suite>
    <test-suite type="Assembly" id="1056" name="Unity.Addressables.DocExampleCode.Editor.Tests.dll" fullname="C:/Users/jwmcg/OneDrive/Documents/AI Projects/Live Envirnments/extraction-weight-game/Library/ScriptAssemblies/Unity.Addressables.DocExampleCode.Editor.Tests.dll" runstate="Runnable" testcasecount="1" result="Passed" start-time="2026-04-19 16:28:45Z" end-time="2026-04-19 16:28:45Z" duration="0.000905" total="1" passed="1" failed="0" inconclusive="0" skipped="0" asserts="0">
      <properties>
        <property name="_PID" value="19428" />
        <property name="_APPDOMAIN" value="Unity Child Domain" />
        <property name="platform" value="EditMode" />
        <property name="EditorOnly" value="True" />
      </properties>
      <test-suite type="TestSuite" id="1057" name="AddressableAssets" fullname="AddressableAssets" runstate="Runnable" testcasecount="1" result="Passed" start-time="2026-04-19 16:28:45Z" end-time="2026-04-19 16:28:45Z" duration="0.000751" total="1" passed="1" failed="0" inconclusive="0" skipped="0" asserts="0">
        <properties />
        <test-suite type="TestSuite" id="1058" name="DocExampleCode" fullname="AddressableAssets.DocExampleCode" runstate="Runnable" testcasecount="1" result="Passed" start-time="2026-04-19 16:28:45Z" end-time="2026-04-19 16:28:45Z" duration="0.000673" total="1" passed="1" failed="0" inconclusive="0" skipped="0" asserts="0">
          <properties />
          <test-suite type="TestFixture" id="1054" name="TestStub" fullname="AddressableAssets.DocExampleCode.TestStub" classname="AddressableAssets.DocExampleCode.TestStub" runstate="Runnable" testcasecount="1" result="Passed" start-time="2026-04-19 16:28:45Z" end-time="2026-04-19 16:28:45Z" duration="0.000597" total="1" passed="1" failed="0" inconclusive="0" skipped="0" asserts="0">
            <properties />
            <test-case id="1055" name="RequiredTest" fullname="AddressableAssets.DocExampleCode.TestStub.RequiredTest" methodname="RequiredTest" classname="AddressableAssets.DocExampleCode.TestStub" runstate="Runnable" seed="1387797551" result="Passed" start-time="2026-04-19 16:28:45Z" end-time="2026-04-19 16:28:45Z" duration="0.000069" asserts="0">
              <properties>
                <property name="retryIteration" value="0" />
                <property name="repeatIteration" value="0" />
              </properties>
              <output><![CDATA[Saving results to: C:\Users\jwmcg\OneDrive\Documents\AI Projects\Live Envirnments\extraction-weight-game\editmode-results.xml
]]></output>
            </test-case>
          </test-suite>
        </test-suite>
      </test-suite>
    </test-suite>
  </test-suite>
</test-run>